::1 - - [13/Nov/2017:05:49:30 +0000] "GET / HTTP/1.1" 304 -
::1 - - [13/Nov/2017:05:49:30 +0000] "GET /vendor/bootstrap/css/bootstrap.min.css HTTP/1.1" 304 -
::1 - - [13/Nov/2017:05:49:30 +0000] "GET /src/styles/scrolling-nav.css HTTP/1.1" 304 -
::1 - - [13/Nov/2017:05:49:30 +0000] "GET /src/styles/propeller.min.css HTTP/1.1" 304 -
::1 - - [13/Nov/2017:05:49:30 +0000] "GET /src/styles/font-awesome.min.css HTTP/1.1" 304 -
::1 - - [13/Nov/2017:05:49:30 +0000] "GET /src/styles/style.css HTTP/1.1" 304 -
::1 - - [13/Nov/2017:05:49:30 +0000] "GET /src/styles/animate.min.css HTTP/1.1" 304 -
::1 - - [13/Nov/2017:05:49:30 +0000] "GET /src/scripts/app.js HTTP/1.1" 304 -
::1 - - [13/Nov/2017:05:49:30 +0000] "GET /vendor/jquery/jquery.min.js HTTP/1.1" 304 -
::1 - - [13/Nov/2017:05:49:30 +0000] "GET /vendor/bootstrap/js/bootstrap.bundle.min.js HTTP/1.1" 304 -
::1 - - [13/Nov/2017:05:49:30 +0000] "GET /vendor/jquery-easing/jquery.easing.min.js HTTP/1.1" 304 -
::1 - - [13/Nov/2017:05:49:30 +0000] "GET /src/scripts/scrolling-nav.js HTTP/1.1" 304 -
::1 - - [13/Nov/2017:05:49:30 +0000] "GET /images/summarizer-header-image.png HTTP/1.1" 304 -
::1 - - [13/Nov/2017:05:49:30 +0000] "GET /images/preloader.gif HTTP/1.1" 304 -
::1 - - [13/Nov/2017:05:49:30 +0000] "GET /src/fonts/roboto/Roboto-Regular-webfont.woff HTTP/1.1" 304 -
::1 - - [13/Nov/2017:05:49:30 +0000] "GET /src/fonts/roboto/Roboto-Light-webfont.woff HTTP/1.1" 304 -
::1 - - [13/Nov/2017:05:49:30 +0000] "GET /src/fonts/roboto/Roboto-Bold-webfont.woff HTTP/1.1" 304 -
::1 - - [13/Nov/2017:05:49:30 +0000] "GET /src/fonts/fontawesome-webfont.woff2?v=4.7.0 HTTP/1.1" 304 -
::1 - - [13/Nov/2017:05:49:30 +0000] "GET /images/favicon.ico HTTP/1.1" 200 1150
::1 - - [13/Nov/2017:05:49:50 +0000] "GET / HTTP/1.1" 304 -
::1 - - [13/Nov/2017:05:49:50 +0000] "GET /vendor/bootstrap/css/bootstrap.min.css HTTP/1.1" 304 -
::1 - - [13/Nov/2017:05:49:50 +0000] "GET /src/styles/scrolling-nav.css HTTP/1.1" 304 -
::1 - - [13/Nov/2017:05:49:50 +0000] "GET /src/styles/propeller.min.css HTTP/1.1" 304 -
::1 - - [13/Nov/2017:05:49:50 +0000] "GET /src/styles/font-awesome.min.css HTTP/1.1" 304 -
::1 - - [13/Nov/2017:05:49:50 +0000] "GET /src/styles/style.css HTTP/1.1" 304 -
::1 - - [13/Nov/2017:05:49:50 +0000] "GET /src/styles/animate.min.css HTTP/1.1" 304 -
::1 - - [13/Nov/2017:05:49:50 +0000] "GET /src/scripts/app.js HTTP/1.1" 304 -
::1 - - [13/Nov/2017:05:49:50 +0000] "GET /vendor/jquery/jquery.min.js HTTP/1.1" 304 -
::1 - - [13/Nov/2017:05:49:50 +0000] "GET /vendor/bootstrap/js/bootstrap.bundle.min.js HTTP/1.1" 304 -
::1 - - [13/Nov/2017:05:49:50 +0000] "GET /vendor/jquery-easing/jquery.easing.min.js HTTP/1.1" 304 -
::1 - - [13/Nov/2017:05:49:50 +0000] "GET /src/scripts/scrolling-nav.js HTTP/1.1" 304 -
::1 - - [13/Nov/2017:05:49:50 +0000] "GET /images/summarizer-header-image.png HTTP/1.1" 304 -
::1 - - [13/Nov/2017:05:49:50 +0000] "GET /images/preloader.gif HTTP/1.1" 304 -
::1 - - [13/Nov/2017:05:49:50 +0000] "GET /src/fonts/roboto/Roboto-Regular-webfont.woff HTTP/1.1" 304 -
::1 - - [13/Nov/2017:05:49:50 +0000] "GET /src/fonts/roboto/Roboto-Light-webfont.woff HTTP/1.1" 304 -
::1 - - [13/Nov/2017:05:49:50 +0000] "GET /src/fonts/roboto/Roboto-Bold-webfont.woff HTTP/1.1" 304 -
::1 - - [13/Nov/2017:05:49:50 +0000] "GET /src/fonts/fontawesome-webfont.woff2?v=4.7.0 HTTP/1.1" 304 -
::1 - - [13/Nov/2017:05:49:50 +0000] "GET /images/favicon.ico HTTP/1.1" 200 1150
::1 - - [13/Nov/2017:07:21:17 +0000] "GET / HTTP/1.1" 304 -
::1 - - [13/Nov/2017:07:21:17 +0000] "GET /vendor/bootstrap/css/bootstrap.min.css HTTP/1.1" 304 -
::1 - - [13/Nov/2017:07:21:17 +0000] "GET /src/styles/scrolling-nav.css HTTP/1.1" 304 -
::1 - - [13/Nov/2017:07:21:17 +0000] "GET /src/styles/propeller.min.css HTTP/1.1" 304 -
::1 - - [13/Nov/2017:07:21:17 +0000] "GET /src/styles/font-awesome.min.css HTTP/1.1" 304 -
::1 - - [13/Nov/2017:07:21:17 +0000] "GET /src/styles/style.css HTTP/1.1" 304 -
::1 - - [13/Nov/2017:07:21:17 +0000] "GET /src/styles/animate.min.css HTTP/1.1" 304 -
::1 - - [13/Nov/2017:07:21:17 +0000] "GET /src/scripts/app.js HTTP/1.1" 304 -
::1 - - [13/Nov/2017:07:21:17 +0000] "GET /vendor/jquery/jquery.min.js HTTP/1.1" 304 -
::1 - - [13/Nov/2017:07:21:17 +0000] "GET /vendor/bootstrap/js/bootstrap.bundle.min.js HTTP/1.1" 304 -
::1 - - [13/Nov/2017:07:21:17 +0000] "GET /vendor/jquery-easing/jquery.easing.min.js HTTP/1.1" 304 -
::1 - - [13/Nov/2017:07:21:17 +0000] "GET /src/scripts/scrolling-nav.js HTTP/1.1" 304 -
::1 - - [13/Nov/2017:07:21:17 +0000] "GET /images/summarizer-header-image.png HTTP/1.1" 304 -
::1 - - [13/Nov/2017:07:21:18 +0000] "GET /images/preloader.gif HTTP/1.1" 304 -
::1 - - [13/Nov/2017:07:21:18 +0000] "GET /src/fonts/roboto/Roboto-Regular-webfont.woff HTTP/1.1" 304 -
::1 - - [13/Nov/2017:07:21:18 +0000] "GET /src/fonts/roboto/Roboto-Light-webfont.woff HTTP/1.1" 304 -
::1 - - [13/Nov/2017:07:21:18 +0000] "GET /src/fonts/roboto/Roboto-Bold-webfont.woff HTTP/1.1" 304 -
::1 - - [13/Nov/2017:07:21:18 +0000] "GET /src/fonts/fontawesome-webfont.woff2?v=4.7.0 HTTP/1.1" 304 -
::1 - - [13/Nov/2017:07:21:18 +0000] "GET /images/favicon.ico HTTP/1.1" 200 1150
::1 - - [13/Nov/2017:07:22:03 +0000] "GET / HTTP/1.1" 304 -
::1 - - [13/Nov/2017:07:22:03 +0000] "GET /vendor/bootstrap/css/bootstrap.min.css HTTP/1.1" 304 -
::1 - - [13/Nov/2017:07:22:03 +0000] "GET /src/styles/scrolling-nav.css HTTP/1.1" 304 -
::1 - - [13/Nov/2017:07:22:03 +0000] "GET /src/styles/propeller.min.css HTTP/1.1" 304 -
::1 - - [13/Nov/2017:07:22:03 +0000] "GET /src/styles/font-awesome.min.css HTTP/1.1" 304 -
::1 - - [13/Nov/2017:07:22:03 +0000] "GET /src/styles/style.css HTTP/1.1" 304 -
::1 - - [13/Nov/2017:07:22:03 +0000] "GET /src/styles/animate.min.css HTTP/1.1" 304 -
::1 - - [13/Nov/2017:07:22:03 +0000] "GET /src/scripts/app.js HTTP/1.1" 200 2143
::1 - - [13/Nov/2017:07:22:03 +0000] "GET /vendor/jquery/jquery.min.js HTTP/1.1" 304 -
::1 - - [13/Nov/2017:07:22:03 +0000] "GET /vendor/bootstrap/js/bootstrap.bundle.min.js HTTP/1.1" 304 -
::1 - - [13/Nov/2017:07:22:03 +0000] "GET /vendor/jquery-easing/jquery.easing.min.js HTTP/1.1" 304 -
::1 - - [13/Nov/2017:07:22:03 +0000] "GET /src/scripts/scrolling-nav.js HTTP/1.1" 304 -
::1 - - [13/Nov/2017:07:22:03 +0000] "GET /images/summarizer-header-image.png HTTP/1.1" 304 -
::1 - - [13/Nov/2017:07:22:04 +0000] "GET /images/preloader.gif HTTP/1.1" 304 -
::1 - - [13/Nov/2017:07:22:04 +0000] "GET /src/fonts/roboto/Roboto-Regular-webfont.woff HTTP/1.1" 304 -
::1 - - [13/Nov/2017:07:22:04 +0000] "GET /src/fonts/roboto/Roboto-Light-webfont.woff HTTP/1.1" 304 -
::1 - - [13/Nov/2017:07:22:04 +0000] "GET /src/fonts/roboto/Roboto-Bold-webfont.woff HTTP/1.1" 304 -
::1 - - [13/Nov/2017:07:22:04 +0000] "GET /src/fonts/fontawesome-webfont.woff2?v=4.7.0 HTTP/1.1" 304 -
::1 - - [13/Nov/2017:07:22:04 +0000] "GET /images/favicon.ico HTTP/1.1" 200 1150
::1 - - [13/Nov/2017:07:22:22 +0000] "GET /vendor/bootstrap/css/bootstrap.min.css HTTP/1.1" 304 -
::1 - - [13/Nov/2017:07:22:22 +0000] "GET /src/styles/scrolling-nav.css HTTP/1.1" 304 -
::1 - - [13/Nov/2017:07:22:22 +0000] "GET /src/styles/propeller.min.css HTTP/1.1" 304 -
::1 - - [13/Nov/2017:07:22:22 +0000] "GET /src/styles/font-awesome.min.css HTTP/1.1" 304 -
::1 - - [13/Nov/2017:07:22:22 +0000] "GET /src/styles/style.css HTTP/1.1" 304 -
::1 - - [13/Nov/2017:07:22:22 +0000] "GET /src/styles/animate.min.css HTTP/1.1" 304 -
::1 - - [13/Nov/2017:07:22:22 +0000] "GET /vendor/bootstrap/js/bootstrap.bundle.min.js.map HTTP/1.1" 404 186
::1 - - [13/Nov/2017:07:22:22 +0000] "GET /vendor/bootstrap/css/bootstrap.min.css.map HTTP/1.1" 404 181
::1 - - [13/Nov/2017:07:22:22 +0000] "GET /src/styles/propeller.min.css.map HTTP/1.1" 200 27621
